# JRE version: OpenJDK Runtime Environment (17.0.6) (build 17.0.6+0-b2043.56-10027231)
# Java VM: OpenJDK 64-Bit Server VM (17.0.6+0-b2043.56-10027231, mixed mode, tiered, compressed oops, compressed class ptrs, g1 gc, windows-amd64)
GC Precious Log:
 CPUs: 8 total, 8 available
 Memory: 32448M
 Large Page Support: Disabled
 NUMA Support: Disabled
 Compressed Oops: Enabled (Zero based)
 Heap Region Size: 4M
 Heap Min Capacity: 8M
 Heap Initial Capacity: 508M
 Heap Max Capacity: 8116M
 Pre-touch: Disabled
 Parallel Workers: 8
 Concurrent Workers: 2
 Concurrent Refinement Workers: 8
 Periodic GC: Disabled
Heap:
 garbage-first heap   total 376832K, used 282572K [0x0000000604c00000, 0x0000000800000000)
  region size 4096K, 38 young (155648K), 1 survivors (4096K)
 Metaspace       used 96719K, committed 97152K, reserved 1138688K
  class space    used 10094K, committed 10304K, reserved 1048576K
GC Heap History (20 events):
Event: 16.079 GC heap before
{Heap before GC invocations=15 (full 0):
 garbage-first heap   total 311296K, used 190002K [0x0000000604c00000, 0x0000000800000000)
  region size 4096K, 38 young (155648K), 5 survivors (20480K)
 Metaspace       used 65982K, committed 66240K, reserved 1114112K
  class space    used 7559K, committed 7680K, reserved 1048576K
}
Event: 16.110 GC heap after
{Heap after GC invocations=16 (full 0):
 garbage-first heap   total 311296K, used 67234K [0x0000000604c00000, 0x0000000800000000)
  region size 4096K, 3 young (12288K), 3 survivors (12288K)
 Metaspace       used 65982K, committed 66240K, reserved 1114112K
  class space    used 7559K, committed 7680K, reserved 1048576K
}
Event: 22.486 GC heap before
{Heap before GC invocations=16 (full 0):
 garbage-first heap   total 311296K, used 206498K [0x0000000604c00000, 0x0000000800000000)
  region size 4096K, 37 young (151552K), 3 survivors (12288K)
 Metaspace       used 68681K, committed 69120K, reserved 1114112K
  class space    used 7810K, committed 8064K, reserved 1048576K
}
Event: 22.514 GC heap after
{Heap after GC invocations=17 (full 0):
 garbage-first heap   total 311296K, used 81799K [0x0000000604c00000, 0x0000000800000000)
  region size 4096K, 5 young (20480K), 5 survivors (20480K)
 Metaspace       used 68681K, committed 69120K, reserved 1114112K
  class space    used 7810K, committed 8064K, reserved 1048576K
}
Event: 28.163 GC heap before
{Heap before GC invocations=17 (full 0):
 garbage-first heap   total 311296K, used 216967K [0x0000000604c00000, 0x0000000800000000)
  region size 4096K, 38 young (155648K), 5 survivors (20480K)
 Metaspace       used 70194K, committed 70592K, reserved 1114112K
  class space    used 7869K, committed 8128K, reserved 1048576K
}
Event: 28.190 GC heap after
{Heap after GC invocations=18 (full 0):
 garbage-first heap   total 311296K, used 98182K [0x0000000604c00000, 0x0000000800000000)
  region size 4096K, 4 young (16384K), 4 survivors (16384K)
 Metaspace       used 70194K, committed 70592K, reserved 1114112K
  class space    used 7869K, committed 8128K, reserved 1048576K
}
Event: 32.624 GC heap before
{Heap before GC invocations=18 (full 0):
 garbage-first heap   total 311296K, used 229254K [0x0000000604c00000, 0x0000000800000000)
  region size 4096K, 36 young (147456K), 4 survivors (16384K)
 Metaspace       used 70935K, committed 71360K, reserved 1114112K
  class space    used 7895K, committed 8128K, reserved 1048576K
}
Event: 32.645 GC heap after
{Heap after GC invocations=19 (full 0):
 garbage-first heap   total 311296K, used 108288K [0x0000000604c00000, 0x0000000800000000)
  region size 4096K, 3 young (12288K), 3 survivors (12288K)
 Metaspace       used 70935K, committed 71360K, reserved 1114112K
  class space    used 7895K, committed 8128K, reserved 1048576K
}
Event: 35.800 GC heap before
{Heap before GC invocations=19 (full 0):
 garbage-first heap   total 311296K, used 235264K [0x0000000604c00000, 0x0000000800000000)
  region size 4096K, 34 young (139264K), 3 survivors (12288K)
 Metaspace       used 77809K, committed 78272K, reserved 1122304K
  class space    used 8541K, committed 8768K, reserved 1048576K
}
Event: 35.815 GC heap after
{Heap after GC invocations=20 (full 0):
 garbage-first heap   total 311296K, used 111411K [0x0000000604c00000, 0x0000000800000000)
  region size 4096K, 4 young (16384K), 4 survivors (16384K)
 Metaspace       used 77809K, committed 78272K, reserved 1122304K
  class space    used 8541K, committed 8768K, reserved 1048576K
}
Event: 38.026 GC heap before
{Heap before GC invocations=20 (full 0):
 garbage-first heap   total 311296K, used 201523K [0x0000000604c00000, 0x0000000800000000)
  region size 4096K, 27 young (110592K), 4 survivors (16384K)
 Metaspace       used 78759K, committed 79168K, reserved 1122304K
  class space    used 8605K, committed 8832K, reserved 1048576K
}
Event: 38.055 GC heap after
{Heap after GC invocations=21 (full 0):
 garbage-first heap   total 311296K, used 126362K [0x0000000604c00000, 0x0000000800000000)
  region size 4096K, 5 young (20480K), 5 survivors (20480K)
 Metaspace       used 78759K, committed 79168K, reserved 1122304K
  class space    used 8605K, committed 8832K, reserved 1048576K
}
Event: 41.859 GC heap before
{Heap before GC invocations=22 (full 0):
 garbage-first heap   total 311296K, used 236954K [0x0000000604c00000, 0x0000000800000000)
  region size 4096K, 32 young (131072K), 5 survivors (20480K)
 Metaspace       used 89376K, committed 89856K, reserved 1130496K
  class space    used 9617K, committed 9856K, reserved 1048576K
}
Event: 41.892 GC heap after
{Heap after GC invocations=23 (full 0):
 garbage-first heap   total 311296K, used 135097K [0x0000000604c00000, 0x0000000800000000)
  region size 4096K, 3 young (12288K), 3 survivors (12288K)
 Metaspace       used 89376K, committed 89856K, reserved 1130496K
  class space    used 9617K, committed 9856K, reserved 1048576K
}
Event: 43.227 GC heap before
{Heap before GC invocations=24 (full 0):
 garbage-first heap   total 311296K, used 237497K [0x0000000604c00000, 0x0000000800000000)
  region size 4096K, 28 young (114688K), 3 survivors (12288K)
 Metaspace       used 90029K, committed 90432K, reserved 1130496K
  class space    used 9639K, committed 9856K, reserved 1048576K
}
Event: 43.244 GC heap after
{Heap after GC invocations=25 (full 0):
 garbage-first heap   total 311296K, used 138722K [0x0000000604c00000, 0x0000000800000000)
  region size 4096K, 1 young (4096K), 1 survivors (4096K)
 Metaspace       used 90029K, committed 90432K, reserved 1130496K
  class space    used 9639K, committed 9856K, reserved 1048576K
}
Event: 43.352 GC heap before
{Heap before GC invocations=25 (full 0):
 garbage-first heap   total 311296K, used 146914K [0x0000000604c00000, 0x0000000800000000)
  region size 4096K, 3 young (12288K), 1 survivors (4096K)
 Metaspace       used 90041K, committed 90432K, reserved 1130496K
  class space    used 9639K, committed 9856K, reserved 1048576K
}
Event: 43.363 GC heap after
{Heap after GC invocations=26 (full 0):
 garbage-first heap   total 311296K, used 132430K [0x0000000604c00000, 0x0000000800000000)
  region size 4096K, 1 young (4096K), 1 survivors (4096K)
 Metaspace       used 90041K, committed 90432K, reserved 1130496K
  class space    used 9639K, committed 9856K, reserved 1048576K
}
Event: 44.996 GC heap before
{Heap before GC invocations=26 (full 0):
 garbage-first heap   total 311296K, used 243022K [0x0000000604c00000, 0x0000000800000000)
  region size 4096K, 28 young (114688K), 1 survivors (4096K)
 Metaspace       used 94186K, committed 94656K, reserved 1138688K
  class space    used 9980K, committed 10240K, reserved 1048576K
}
Event: 45.004 GC heap after
{Heap after GC invocations=27 (full 0):
 garbage-first heap   total 376832K, used 135116K [0x0000000604c00000, 0x0000000800000000)
  region size 4096K, 1 young (4096K), 1 survivors (4096K)
 Metaspace       used 94186K, committed 94656K, reserved 1138688K
  class space    used 9980K, committed 10240K, reserved 1048576K
}

